           1    -6.69839    -6.69839           0
           2    -6.71048    -6.70444  0.00604101
           3     -6.7069    -6.70526  0.00358295
           4     -6.7163    -6.70802  0.00374763
           5    -6.69416    -6.70524  0.00401402
           6     -6.7177    -6.70732   0.0038799
           7    -6.71279     -6.7081  0.00337097
           8    -6.70374    -6.70756  0.00296988
           9    -6.70943    -6.70777   0.0026274
          10    -6.71203    -6.70819  0.00238834
          11    -6.70848    -6.70822  0.00216049
          12    -6.71041     -6.7084   0.0019807
          13    -6.71144    -6.70863  0.00183689
          14    -6.70946    -6.70869  0.00170165
          15    -6.70814    -6.70866  0.00158458
          16    -6.70699    -6.70855   0.0014859
          17    -6.69585     -6.7078  0.00158312
          18    -6.71369    -6.70813  0.00152799
          19    -6.71801    -6.70865  0.00153592
          20    -6.69659    -6.70805   0.0015769
          21    -6.69818    -6.70758  0.00157188
          22     -6.7209    -6.70818  0.00161647
          23    -6.71029    -6.70828  0.00154729
          24    -6.70291    -6.70805  0.00149817
          25     -6.7018     -6.7078  0.00145857
          26    -6.70495    -6.70769  0.00140563
          27    -6.71054     -6.7078  0.00135667
          28    -6.70688    -6.70776  0.00130773
          29    -6.71122    -6.70788  0.00126746
          30    -6.69309    -6.70739  0.00132008
          31    -6.70639    -6.70736   0.0012772
          32    -6.70709    -6.70735  0.00123667
          33    -6.70413    -6.70725  0.00120259
          34    -6.71237     -6.7074  0.00117634
          35    -6.69897    -6.70716  0.00116739
          36    -6.71075    -6.70726  0.00113886
          37    -6.70933    -6.70732  0.00110907
          38    -6.71033     -6.7074  0.00108239
          39    -6.70599    -6.70736  0.00105489
          40    -6.69987    -6.70717  0.00104511
          41    -6.71478    -6.70736  0.00103606
          42    -6.70801    -6.70737  0.00101121
          43    -6.70828     -6.7074 0.000987635
          44      -6.705    -6.70734 0.000966468
          45    -6.69693    -6.70711 0.000972672
          46    -6.71509    -6.70728 0.000966988
          47    -6.70648    -6.70727 0.000946346
          48    -6.71009    -6.70732 0.000928281
          49    -6.71049    -6.70739 0.000911433
          50    -6.70034    -6.70725 0.000904084
