           1    0.760928    0.760928           0
           2    0.768967    0.764948  0.00401932
           3    0.766065     0.76532  0.00235026
           4    0.772072    0.767008  0.00236881
           5    0.758074    0.765221  0.00256111
           6    0.773865    0.766662  0.00253939
           7    0.769208    0.767026  0.00217678
           8    0.763151    0.766541  0.00194636
           9    0.767427     0.76664  0.00171935
          10    0.768707    0.766846  0.00155166
          11    0.766454    0.766811  0.00140398
          12    0.767159     0.76684  0.00128198
          13    0.767613    0.766899  0.00118075
          14    0.767033    0.766909  0.00109321
          15     0.76599    0.766848  0.00101956
          16    0.766531    0.766828 0.000953915
          17     0.75873    0.766351  0.00101478
          18    0.770398    0.766576   0.0009828
          19    0.773114     0.76692 0.000991268
          20    0.758605    0.766505   0.0010282
          21    0.760949     0.76624  0.00101316
          22    0.774643    0.766622  0.00103878
          23    0.768071    0.766685  0.00099459
          24    0.762904    0.766528 0.000965189
          25    0.762262    0.766357 0.000941365
          26    0.764609     0.76629 0.000906928
          27    0.767435    0.766332 0.000873723
          28    0.765817    0.766314 0.000842142
          29    0.768078    0.766375 0.000814857
          30    0.757548     0.76608 0.000840411
          31    0.764874    0.766041 0.000813779
          32    0.765748    0.766032 0.000787992
          33     0.76496       0.766 0.000764431
          34    0.769212    0.766094 0.000747601
          35    0.760673    0.765939 0.000742266
          36    0.768422    0.766008 0.000724641
          37    0.767475    0.766048 0.000705898
          38    0.767337    0.766082 0.000687908
          39    0.765975    0.766079 0.000670043
          40    0.761632    0.765968 0.000662473
          41    0.771076    0.766093 0.000658016
          42    0.766547    0.766103 0.000642249
          43    0.767221    0.766129 0.000627674
          44    0.765088    0.766106 0.000613699
          45    0.758881    0.765945 0.000621017
          46    0.770926    0.766053 0.000616944
          47    0.764552    0.766021  0.00060452
          48      0.7675    0.766052 0.000592593
          49    0.767781    0.766088 0.000581445
          50    0.762142    0.766009 0.000575138
