           1      -5.557      -5.557           0
           2    -5.55703    -5.55701 1.20269e-05
           3     -5.5578    -5.55728 0.000261706
           4    -5.55819    -5.55751 0.000294815
           5    -5.55704    -5.55741 0.000246244
           6    -5.55691    -5.55733 0.000218093
           7    -5.55898    -5.55756 0.000299393
           8    -5.55901    -5.55775 0.000316174
           9    -5.55829    -5.55781 0.000285243
          10    -5.55897    -5.55792 0.000280286
          11     -5.5588      -5.558 0.000265706
          12    -5.55967    -5.55814 0.000279699
          13    -5.56002    -5.55828 0.000295005
          14    -5.55891    -5.55833 0.000276756
          15    -5.55916    -5.55838 0.000263478
          16    -5.55719    -5.55831 0.000257526
          17    -5.55776    -5.55828  0.00024409
          18    -5.55809    -5.55827 0.000230355
          19    -5.55833    -5.55827 0.000217923
          20    -5.55869    -5.55829 0.000207778
          21    -5.55675    -5.55822 0.000210795
          22    -5.55894    -5.55825 0.000203625
          23    -5.55818    -5.55825 0.000194596
          24    -5.55856    -5.55826 0.000186756
          25    -5.55841    -5.55827 0.000179229
          26    -5.55804    -5.55826 0.000172426
          27    -5.55939     -5.5583 0.000171099
          28    -5.55816    -5.55829 0.000164954
          29    -5.55911    -5.55832  0.00016161
          30    -5.55677    -5.55827 0.000164531
          31    -5.55908     -5.5583 0.000161248
          32    -5.55847     -5.5583 0.000156225
          33    -5.55669    -5.55825 0.000159137
          34    -5.55855    -5.55826 0.000154635
          35    -5.55796    -5.55825 0.000150402
          36    -5.55811    -5.55825 0.000146215
          37    -5.55812    -5.55825 0.000142251
          38    -5.55932    -5.55827  0.00014133
          39    -5.55703    -5.55824 0.000141302
          40    -5.55742    -5.55822 0.000139254
          41    -5.55817    -5.55822 0.000135821
          42    -5.55819    -5.55822  0.00013255
          43    -5.55744     -5.5582 0.000130679
          44    -5.55736    -5.55818 0.000129087
          45    -5.55861    -5.55819 0.000126537
          46     -5.5587     -5.5582 0.000124252
          47    -5.55965    -5.55823 0.000125412
          48    -5.55884    -5.55825  0.00012341
          49    -5.55882    -5.55826 0.000121429
          50    -5.55713    -5.55824  0.00012111
