            0.75            0.55               5       -0.398059      0.00105913         0.48867
            0.75           0.555               5       -0.404029      0.00104743        0.491904
            0.75            0.56               5       -0.409205       0.0010371        0.493559
            0.75           0.565               5       -0.413905     0.000858042        0.496181
            0.75            0.57               5       -0.418044     0.000884984        0.498275
            0.75           0.575               5        -0.42349     0.000852621        0.500119
            0.75            0.58               5       -0.425063     0.000759433        0.502175
            0.75           0.585               5       -0.427352      0.00076543         0.50395
            0.75            0.59               5         -0.4294      0.00068116        0.505782
            0.75           0.595               5       -0.432669     0.000756291        0.507622
            0.75             0.6               5       -0.433629     0.000678603        0.509089
            0.75           0.605               5       -0.433787     0.000745041        0.510135
            0.75            0.61               5       -0.434405       0.0006971        0.511195
            0.75           0.615               5       -0.434499     0.000692383        0.512782
            0.75            0.62               5       -0.435195      0.00066664        0.513823
            0.75           0.625               5       -0.434417     0.000786414        0.515174
            0.75            0.63               5       -0.434295     0.000783231        0.516532
            0.75           0.635               5       -0.433145     0.000782457        0.517231
            0.75            0.64               5         -0.4323     0.000784765        0.518157
           0.755            0.55               5       -0.400265      0.00117038        0.489892
           0.755           0.555               5        -0.40506       0.0010836        0.492168
           0.755            0.56               5       -0.410868     0.000880634        0.494665
           0.755           0.565               5       -0.414917     0.000873678        0.497112
           0.755            0.57               5       -0.419342     0.000809309        0.499812
           0.755           0.575               5       -0.424447     0.000824979        0.501663
           0.755            0.58               5       -0.426619     0.000777933        0.503515
           0.755           0.585               5       -0.429481     0.000777479        0.505838
           0.755            0.59               5       -0.430987     0.000694171        0.507194
           0.755           0.595               5       -0.433718     0.000661358        0.509047
           0.755             0.6               5       -0.434531     0.000713721        0.510112
           0.755           0.605               5       -0.435432     0.000605439        0.511816
           0.755            0.61               5        -0.43603     0.000686047        0.513273
           0.755           0.615               5        -0.43651     0.000674509        0.514193
           0.755            0.62               5       -0.436115     0.000675892        0.515587
           0.755           0.625               5       -0.435821     0.000719364        0.516948
           0.755            0.63               5       -0.435726     0.000734347        0.518113
           0.755           0.635               5        -0.43481     0.000783178        0.519175
           0.755            0.64               5       -0.433558     0.000764688         0.51967
            0.76            0.55               5       -0.400325      0.00112079        0.490489
            0.76           0.555               5         -0.4064      0.00102299        0.492805
            0.76            0.56               5       -0.411774      0.00107093        0.495647
            0.76           0.565               5       -0.416358     0.000968219        0.498031
            0.76            0.57               5        -0.42117      0.00091918        0.500129
            0.76           0.575               5       -0.424962      0.00073621        0.502597
            0.76            0.58               5        -0.42809      0.00077787        0.504563
            0.76           0.585               5       -0.430743     0.000729259        0.506447
            0.76            0.59               5       -0.432715     0.000628075        0.508561
            0.76           0.595               5        -0.43499     0.000763554        0.509965
            0.76             0.6               5       -0.435636     0.000765239        0.511304
            0.76           0.605               5       -0.437654     0.000677571        0.513214
            0.76            0.61               5       -0.436678     0.000622863        0.514735
            0.76           0.615               5       -0.439013     0.000663995        0.515758
            0.76            0.62               5       -0.438307     0.000692871         0.51746
            0.76           0.625               5       -0.437799     0.000706757        0.518195
            0.76            0.63               5       -0.437584     0.000803846        0.519702
            0.76           0.635               5       -0.436351     0.000767219        0.520813
            0.76            0.64               5       -0.436064     0.000711842        0.521674
           0.765            0.55               5       -0.402359      0.00123084        0.491089
           0.765           0.555               5       -0.407028     0.000986961         0.49324
           0.765            0.56               5       -0.413819     0.000927908        0.496708
           0.765           0.565               5       -0.417988      0.00104134        0.498932
           0.765            0.57               5       -0.422383     0.000963055        0.501052
           0.765           0.575               5        -0.42624     0.000820858        0.503535
           0.765            0.58               5       -0.430158     0.000880001        0.505581
           0.765           0.585               5       -0.431934     0.000722522        0.507322
           0.765            0.59               5       -0.434759     0.000824817        0.509716
           0.765           0.595               5       -0.436403     0.000674885        0.511409
           0.765             0.6               5       -0.437264     0.000701254        0.513009
           0.765           0.605               5       -0.438503     0.000628504        0.514362
           0.765            0.61               5       -0.438538     0.000659072        0.516129
           0.765           0.615               5       -0.440381     0.000689485        0.517748
           0.765            0.62               5       -0.439445     0.000713597        0.519408
           0.765           0.625               5       -0.439215     0.000674885        0.520112
           0.765            0.63               5       -0.437903     0.000728454        0.521287
           0.765           0.635               5       -0.437999     0.000691256        0.522621
           0.765            0.64               5       -0.437631     0.000750552          0.5236
            0.77            0.55               5       -0.403415      0.00111403        0.491056
            0.77           0.555               5       -0.408487      0.00113677          0.4945
            0.77            0.56               5       -0.414648      0.00101202        0.497201
            0.77           0.565               5       -0.419727      0.00105084        0.499606
            0.77            0.57               5        -0.42225     0.000858379        0.501735
            0.77           0.575               5       -0.426479     0.000924882        0.504792
            0.77            0.58               5       -0.431009      0.00078716        0.506323
            0.77           0.585               5       -0.433364     0.000873909        0.508435
            0.77            0.59               5       -0.435526     0.000879401        0.510983
            0.77           0.595               5       -0.437352     0.000766406        0.512434
            0.77             0.6               5       -0.438501     0.000713691         0.51422
            0.77           0.605               5       -0.439661     0.000720835        0.516205
            0.77            0.61               5       -0.440394     0.000685005        0.517539
            0.77           0.615               5       -0.440501     0.000694732        0.519143
            0.77            0.62               5       -0.441025     0.000709523        0.520909
            0.77           0.625               5       -0.440877     0.000672782        0.522177
            0.77            0.63               5       -0.439919     0.000780088        0.523061
            0.77           0.635               5       -0.438834     0.000733601        0.524517
            0.77            0.64               5       -0.438218     0.000746842        0.525417
           0.775            0.55               5       -0.403129      0.00117972        0.491908
           0.775           0.555               5       -0.410465      0.00126023         0.49503
           0.775            0.56               5       -0.415106      0.00104674        0.497194
           0.775           0.565               5       -0.420421      0.00107582         0.50048
           0.775            0.57               5       -0.425053      0.00091187        0.502861
           0.775           0.575               5       -0.427665      0.00102028        0.504696
           0.775            0.58               5       -0.430993     0.000853657         0.50685
           0.775           0.585               5       -0.434333     0.000760943        0.509143
           0.775            0.59               5       -0.437317     0.000756459        0.511763
           0.775           0.595               5       -0.439176     0.000797017        0.514164
           0.775             0.6               5       -0.440114      0.00074434        0.515911
           0.775           0.605               5       -0.441377       0.0007055        0.517501
           0.775            0.61               5       -0.441806     0.000771654         0.51894
           0.775           0.615               5       -0.442737      0.00075261        0.520777
           0.775            0.62               5       -0.441664     0.000764703         0.52226
           0.775           0.625               5       -0.441276     0.000685623        0.523782
           0.775            0.63               5       -0.441131      0.00077503        0.524928
           0.775           0.635               5       -0.439739     0.000773397        0.526088
           0.775            0.64               5       -0.438579     0.000761117        0.527232
            0.78            0.55               5       -0.405216      0.00119164        0.492449
            0.78           0.555               5       -0.409903      0.00123208         0.49515
            0.78            0.56               5       -0.416213      0.00105699        0.497962
            0.78           0.565               5       -0.420199      0.00093768        0.500738
            0.78            0.57               5       -0.424902     0.000933951        0.503463
            0.78           0.575               5       -0.428601      0.00087266        0.505968
            0.78            0.58               5       -0.432441     0.000924576        0.508424
            0.78           0.585               5       -0.433837      0.00081104        0.510457
            0.78            0.59               5       -0.436878     0.000725156        0.512324
            0.78           0.595               5        -0.43987     0.000628865        0.514508
            0.78             0.6               5       -0.441361     0.000693862        0.516765
            0.78           0.605               5       -0.441674     0.000813905        0.518566
            0.78            0.61               5       -0.442353     0.000725001        0.520105
            0.78           0.615               5       -0.442592     0.000760035        0.522019
            0.78            0.62               5       -0.442173     0.000710615        0.523828
            0.78           0.625               5       -0.441716     0.000715425        0.524871
            0.78            0.63               5        -0.44182     0.000776017        0.526512
            0.78           0.635               5       -0.440535      0.00083214        0.527796
            0.78            0.64               5       -0.439718     0.000891674        0.528794
           0.785            0.55               5        -0.40363      0.00123122        0.492379
           0.785           0.555               5       -0.410734      0.00106535        0.495338
           0.785            0.56               5       -0.416585      0.00119657        0.498588
           0.785           0.565               5       -0.421179      0.00097512        0.501342
           0.785            0.57               5       -0.425301      0.00091376        0.503502
           0.785           0.575               5       -0.429159      0.00087381        0.506141
           0.785            0.58               5       -0.432315     0.000834821        0.508478
           0.785           0.585               5       -0.435735     0.000769369         0.51148
           0.785            0.59               5         -0.4386     0.000763658        0.513648
           0.785           0.595               5       -0.440003     0.000722455        0.516042
           0.785             0.6               5       -0.441938     0.000703146        0.517791
           0.785           0.605               5       -0.443308      0.00066722        0.519707
           0.785            0.61               5        -0.44315     0.000677674        0.521496
           0.785           0.615               5       -0.443307     0.000693235        0.523569
           0.785            0.62               5       -0.443665     0.000777271        0.525073
           0.785           0.625               5       -0.443002     0.000716948        0.526466
           0.785            0.63               5       -0.442465      0.00076134        0.528302
           0.785           0.635               5       -0.442754     0.000860145        0.529218
           0.785            0.64               5       -0.441153     0.000819752        0.530899
            0.79            0.55               5       -0.405113      0.00138044        0.493108
            0.79           0.555               5       -0.411424      0.00125841        0.495962
            0.79            0.56               5       -0.415644      0.00116088         0.49893
            0.79           0.565               5       -0.422151      0.00101058        0.501842
            0.79            0.57               5       -0.426459     0.000999802        0.504153
            0.79           0.575               5       -0.430578      0.00101097        0.507263
            0.79            0.58               5       -0.432959     0.000843059        0.509561
            0.79           0.585               5       -0.435996     0.000819976        0.511808
            0.79            0.59               5       -0.438027     0.000795402        0.514237
            0.79           0.595               5       -0.440761     0.000593498        0.517069
            0.79             0.6               5       -0.442496     0.000653519        0.518846
            0.79           0.605               5       -0.443552     0.000712226        0.520586
            0.79            0.61               5       -0.444001     0.000616427        0.522596
            0.79           0.615               5       -0.444623     0.000668706        0.524615
            0.79            0.62               5       -0.444559     0.000723323        0.526437
            0.79           0.625               5       -0.444447     0.000727678        0.527926
            0.79            0.63               5       -0.443258     0.000798698        0.529408
            0.79           0.635               5       -0.442473     0.000806139        0.530793
            0.79            0.64               5       -0.440635     0.000793581        0.532436
           0.795            0.55               5       -0.405513      0.00121424        0.493091
           0.795           0.555               5       -0.410246      0.00133671        0.496401
           0.795            0.56               5       -0.415331      0.00120307        0.499331
           0.795           0.565               5       -0.421165      0.00105904        0.502157
           0.795            0.57               5       -0.426231     0.000893577        0.504855
           0.795           0.575               5       -0.430228     0.000806277        0.507735
           0.795            0.58               5       -0.434434     0.000883669        0.510226
           0.795           0.585               5       -0.435749     0.000817913        0.512872
           0.795            0.59               5       -0.437946     0.000707534        0.514951
           0.795           0.595               5       -0.441294     0.000624361        0.517425
           0.795             0.6               5        -0.44242     0.000673407        0.519537
           0.795           0.605               5       -0.443459     0.000641642        0.521864
           0.795            0.61               5       -0.444421     0.000646458        0.523509
           0.795           0.615               5       -0.444683     0.000680105        0.525128
           0.795            0.62               5       -0.444079     0.000748868        0.527325
           0.795           0.625               5       -0.444153     0.000831785        0.529015
           0.795            0.63               5       -0.443719     0.000790159        0.530673
           0.795           0.635               5       -0.442975     0.000852181        0.532374
           0.795            0.64               5       -0.441237     0.000935235        0.533643
             0.8            0.55               5       -0.405415      0.00128936        0.493551
             0.8           0.555               5       -0.411487       0.0010878        0.496819
             0.8            0.56               5       -0.417121      0.00120028         0.49944
             0.8           0.565               5       -0.421203      0.00108143        0.502766
             0.8            0.57               5       -0.425879      0.00091943        0.505222
             0.8           0.575               5       -0.430629     0.000855234        0.507861
             0.8            0.58               5       -0.433311      0.00082625        0.510758
             0.8           0.585               5       -0.436718     0.000823102        0.513147
             0.8            0.59               5       -0.438497     0.000799771        0.515459
             0.8           0.595               5       -0.439837     0.000651934        0.517821
             0.8             0.6               5       -0.441875     0.000695198        0.520478
             0.8           0.605               5       -0.443283     0.000696013         0.52262
             0.8            0.61               5       -0.444457     0.000668229         0.52479
             0.8           0.615               5       -0.445086      0.00074061        0.526756
             0.8            0.62               5       -0.444013     0.000704461        0.528331
             0.8           0.625               5       -0.443498     0.000754009        0.530218
             0.8            0.63               5       -0.442877     0.000728083        0.531774
             0.8           0.635               5       -0.442443     0.000813083        0.533284
             0.8            0.64               5       -0.440572      0.00089042        0.534881
           0.805            0.55               5       -0.402909      0.00118608        0.493682
           0.805           0.555               5       -0.410281      0.00129143        0.496391
           0.805            0.56               5       -0.416405      0.00121192        0.499907
           0.805           0.565               5       -0.420958       0.0011396        0.503042
           0.805            0.57               5       -0.425112      0.00100077        0.505591
           0.805           0.575               5       -0.430875      0.00093844        0.508378
           0.805            0.58               5        -0.43412     0.000818784        0.511338
           0.805           0.585               5       -0.436379     0.000915396        0.514395
           0.805            0.59               5       -0.439391     0.000809878        0.516358
           0.805           0.595               5       -0.440327     0.000790711        0.518741
           0.805             0.6               5       -0.441975      0.00072221        0.520904
           0.805           0.605               5       -0.443718     0.000632326        0.523649
           0.805            0.61               5       -0.444485     0.000676272        0.525573
           0.805           0.615               5       -0.444268     0.000689503        0.527466
           0.805            0.62               5       -0.444028     0.000728578        0.529593
           0.805           0.625               5       -0.443951     0.000773134        0.530966
           0.805            0.63               5       -0.443122     0.000788317        0.533205
           0.805           0.635               5       -0.441558     0.000883153        0.534686
           0.805            0.64               5       -0.439827     0.000938034        0.536163
            0.81            0.55               5       -0.404163      0.00119113        0.493186
            0.81           0.555               5       -0.410567      0.00111329        0.496582
            0.81            0.56               5       -0.415803      0.00109724        0.499724
            0.81           0.565               5       -0.421397      0.00113476        0.503181
            0.81            0.57               5       -0.425813     0.000927518        0.505738
            0.81           0.575               5        -0.42966     0.000956243        0.509093
            0.81            0.58               5       -0.432802      0.00087362        0.511501
            0.81           0.585               5       -0.435639      0.00087275        0.514449
            0.81            0.59               5       -0.439298     0.000818959        0.517159
            0.81           0.595               5       -0.440298     0.000715391        0.519477
            0.81             0.6               5       -0.441424     0.000835908        0.521502
            0.81           0.605               5       -0.442781     0.000756533        0.523968
            0.81            0.61               5       -0.443938     0.000703593        0.526122
            0.81           0.615               5       -0.444229     0.000800832        0.528248
            0.81            0.62               5       -0.443843     0.000795348        0.530313
            0.81           0.625               5       -0.443552     0.000780626        0.532146
            0.81            0.63               5       -0.442625     0.000863559        0.533871
            0.81           0.635               5       -0.442089     0.000767134        0.535894
            0.81            0.64               5       -0.439528      0.00106284        0.537447
           0.815            0.55               5       -0.401547       0.0012416        0.493851
           0.815           0.555               5         -0.4092      0.00119934        0.496948
           0.815            0.56               5       -0.414547      0.00107666        0.500002
           0.815           0.565               5       -0.420108      0.00103692        0.502942
           0.815            0.57               5       -0.424649      0.00102772        0.505663
           0.815           0.575               5       -0.428601      0.00096956        0.508533
           0.815            0.58               5       -0.432862     0.000822065        0.511958
           0.815           0.585               5       -0.435584     0.000765653        0.514746
           0.815            0.59               5       -0.437466     0.000816223        0.517638
           0.815           0.595               5       -0.439824     0.000838634        0.519828
           0.815             0.6               5       -0.440722     0.000784007        0.522321
           0.815           0.605               5        -0.44169     0.000776702        0.524817
           0.815            0.61               5       -0.442485      0.00080092        0.527059
           0.815           0.615               5       -0.443773     0.000721247        0.528916
           0.815            0.62               5       -0.443122     0.000814932        0.531455
           0.815           0.625               5       -0.444196     0.000802209        0.533271
           0.815            0.63               5       -0.442183     0.000825762        0.535264
           0.815           0.635               5       -0.441751     0.000883708        0.537105
           0.815            0.64               5       -0.439681      0.00087591        0.538606
            0.82            0.55               5       -0.400903      0.00124294        0.493465
            0.82           0.555               5       -0.407602      0.00118392        0.496868
            0.82            0.56               5        -0.41505     0.000988271        0.500246
            0.82           0.565               5       -0.419755     0.000961569        0.503582
            0.82            0.57               5       -0.423595     0.000981423        0.506676
            0.82           0.575               5       -0.427783     0.000952734        0.509124
            0.82            0.58               5       -0.432039     0.000937702        0.512416
            0.82           0.585               5       -0.435058     0.000843764        0.515218
            0.82            0.59               5       -0.437575      0.00086804        0.518126
            0.82           0.595               5       -0.439751     0.000799392        0.520873
            0.82             0.6               5         -0.4419     0.000803068        0.523033
            0.82           0.605               5       -0.442146     0.000836397         0.52572
            0.82            0.61               5       -0.442261     0.000797847        0.528157
            0.82           0.615               5       -0.443427     0.000833969          0.5302
            0.82            0.62               5       -0.442802      0.00082343        0.532227
            0.82           0.625               5        -0.44203     0.000933166        0.534312
            0.82            0.63               5       -0.441927     0.000821804        0.535891
            0.82           0.635               5        -0.44033     0.000856578        0.537929
            0.82            0.64               5       -0.439185     0.000980322        0.539702
           0.825            0.55               5       -0.398343      0.00116671        0.493872
           0.825           0.555               5       -0.405733      0.00126418        0.497107
           0.825            0.56               5       -0.411711      0.00108924        0.500441
           0.825           0.565               5       -0.418428      0.00100856        0.503755
           0.825            0.57               5       -0.423513     0.000961892        0.506763
           0.825           0.575               5       -0.427314      0.00103606        0.509713
           0.825            0.58               5       -0.431381     0.000922642        0.512965
           0.825           0.585               5       -0.434105     0.000891435        0.515562
           0.825            0.59               5       -0.436895     0.000952377        0.518399
           0.825           0.595               5       -0.439072     0.000876826         0.52141
           0.825             0.6               5       -0.440532     0.000853605        0.523378
           0.825           0.605               5       -0.441619     0.000901835        0.526039
           0.825            0.61               5       -0.442893     0.000744874        0.528173
           0.825           0.615               5        -0.44304     0.000854114        0.530651
           0.825            0.62               5       -0.442104     0.000966285        0.532965
           0.825           0.625               5       -0.442306     0.000869764        0.535036
           0.825            0.63               5       -0.441239      0.00086578        0.537108
           0.825           0.635               5         -0.4389     0.000971646         0.53862
           0.825            0.64               5       -0.437562      0.00093098        0.541176
            0.83            0.55               5       -0.397925      0.00111585         0.49379
            0.83           0.555               5       -0.404232      0.00118492        0.496949
            0.83            0.56               5       -0.410837      0.00109028        0.500671
            0.83           0.565               5        -0.41686      0.00104783        0.504091
            0.83            0.57               5       -0.423297     0.000979848        0.507376
            0.83           0.575               5       -0.425558     0.000868918        0.509681
            0.83            0.58               5       -0.430784      0.00103527        0.513408
            0.83           0.585               5       -0.432874     0.000900901        0.515853
            0.83            0.59               5       -0.435081     0.000942711        0.518832
            0.83           0.595               5       -0.437639     0.000863549        0.521859
            0.83             0.6               5       -0.439869     0.000898743        0.523975
            0.83           0.605               5       -0.441149     0.000834126         0.52703
            0.83            0.61               5       -0.441266     0.000994508         0.52864
            0.83           0.615               5       -0.441394     0.000955461        0.531058
            0.83            0.62               5       -0.441316     0.000993711        0.533371
            0.83           0.625               5       -0.441218     0.000951905        0.536173
            0.83            0.63               5        -0.43937     0.000990386        0.537945
            0.83           0.635               5       -0.439661      0.00102883        0.540224
            0.83            0.64               5       -0.438751     0.000918235        0.541807
           0.835            0.55               5       -0.395859      0.00111326        0.493708
           0.835           0.555               5        -0.40355      0.00106614        0.497506
           0.835            0.56               5       -0.409154       0.0010955        0.500436
           0.835           0.565               5       -0.416563      0.00101368        0.503756
           0.835            0.57               5       -0.420893     0.000879583        0.507126
           0.835           0.575               5       -0.425388     0.000928005        0.510083
           0.835            0.58               5       -0.429431      0.00094119         0.51308
           0.835           0.585               5       -0.432847     0.000967556        0.515938
           0.835            0.59               5       -0.434212     0.000868559        0.518683
           0.835           0.595               5       -0.437123     0.000900277        0.521531
           0.835             0.6               5       -0.437648      0.00092499        0.524339
           0.835           0.605               5       -0.439152     0.000990255        0.527091
           0.835            0.61               5       -0.439947     0.000941725        0.529776
           0.835           0.615               5       -0.440166     0.000897643        0.532237
           0.835            0.62               5       -0.439767     0.000918696        0.534372
           0.835           0.625               5       -0.440162      0.00106303        0.536817
           0.835            0.63               5       -0.438237      0.00101046        0.538853
           0.835           0.635               5       -0.438166      0.00100142        0.540838
           0.835            0.64               5       -0.435886      0.00108476         0.54252
            0.84            0.55               5       -0.396512      0.00110264        0.493496
            0.84           0.555               5       -0.400918      0.00113993        0.496906
            0.84            0.56               5       -0.408368      0.00116556        0.500111
            0.84           0.565               5       -0.414244      0.00108757        0.503814
            0.84            0.57               5       -0.419282     0.000986696        0.507084
            0.84           0.575               5        -0.42308     0.000892118        0.510505
            0.84            0.58               5       -0.427536     0.000892049        0.513771
            0.84           0.585               5       -0.431694     0.000946343        0.516453
            0.84            0.59               5       -0.433274     0.000834782        0.519447
            0.84           0.595               5       -0.435402      0.00087003        0.521745
            0.84             0.6               5       -0.436757     0.000888209        0.524992
            0.84           0.605               5       -0.437899     0.000874203        0.527491
            0.84            0.61               5       -0.438987     0.000927052        0.530355
            0.84           0.615               5       -0.439391     0.000997426         0.53246
            0.84            0.62               5       -0.438542      0.00110578        0.535236
            0.84           0.625               5       -0.438112      0.00102882        0.537466
            0.84            0.63               5       -0.437902     0.000958953        0.539698
            0.84           0.635               5       -0.435902     0.000998442         0.54182
            0.84            0.64               5       -0.434505      0.00113549        0.543629
           0.845            0.55               5       -0.392596      0.00108336        0.493183
           0.845           0.555               5       -0.400031      0.00109849        0.496694
           0.845            0.56               5       -0.406248     0.000977342        0.500385
           0.845           0.565               5       -0.411637      0.00100619         0.50365
           0.845            0.57               5       -0.417529      0.00090741        0.506963
           0.845           0.575               5       -0.422333     0.000989724        0.510445
           0.845            0.58               5       -0.426152     0.000912734        0.513561
           0.845           0.585               5       -0.429294     0.000913208        0.516863
           0.845            0.59               5       -0.432297     0.000981502        0.519791
           0.845           0.595               5       -0.433957     0.000977765        0.522127
           0.845             0.6               5       -0.435961     0.000841543        0.525146
           0.845           0.605               5       -0.435784     0.000914067        0.528042
           0.845            0.61               5       -0.438472     0.000812778        0.530988
           0.845           0.615               5       -0.437586      0.00100315        0.533093
           0.845            0.62               5       -0.436901     0.000847199        0.535719
           0.845           0.625               5       -0.437081     0.000997385        0.537774
           0.845            0.63               5       -0.435663      0.00100772        0.540416
           0.845           0.635               5       -0.433564      0.00110413        0.542761
           0.845            0.64               5       -0.431735      0.00104455        0.544352
            0.85            0.55               5       -0.391646      0.00124944        0.493096
            0.85           0.555               5       -0.398355      0.00115375        0.496483
            0.85            0.56               5       -0.403908      0.00103345        0.499792
            0.85           0.565               5       -0.409681      0.00101015        0.503435
            0.85            0.57               5       -0.415713     0.000983712        0.506713
            0.85           0.575               5       -0.419348     0.000997003        0.510451
            0.85            0.58               5       -0.423909     0.000943839        0.513612
            0.85           0.585               5       -0.426657      0.00100695        0.516559
            0.85            0.59               5       -0.429562     0.000928921        0.519954
            0.85           0.595               5       -0.432278     0.000873473        0.522321
            0.85             0.6               5       -0.433822     0.000903308        0.525307
            0.85           0.605               5        -0.43559     0.000934642        0.528592
            0.85            0.61               5       -0.435443      0.00095593        0.531014
            0.85           0.615               5       -0.435815     0.000926136        0.533682
            0.85            0.62               5       -0.435809      0.00103495        0.536084
            0.85           0.625               5       -0.434834      0.00100213         0.53895
            0.85            0.63               5       -0.433554      0.00103866        0.541186
            0.85           0.635               5       -0.431917      0.00118801        0.543423
            0.85            0.64               5       -0.428858      0.00119055        0.545462
