           1   -0.490566   -0.490566           0
           2   -0.428507   -0.459536   0.0310294
           3   -0.387645   -0.435573   0.0299201
           4   -0.388186   -0.423726   0.0242477
           5   -0.356324   -0.410245   0.0231191
           6   -0.378757   -0.404997   0.0195926
           7   -0.381689   -0.401667   0.0168903
           8   -0.285321   -0.387124   0.0206269
           9   -0.313572   -0.378952   0.0199426
          10   -0.373807   -0.378437   0.0178447
          11   -0.383309    -0.37888   0.0161472
          12   -0.394514   -0.380183   0.0147977
          13   -0.379828   -0.380156    0.013612
          14   -0.385474   -0.380536    0.012608
          15   -0.384181   -0.380779   0.0117399
          16   -0.394772   -0.381653   0.0110164
          17    -0.39091   -0.382198   0.0103625
          18   -0.424456   -0.384545   0.0100479
          19   -0.385249   -0.384582  0.00950447
          20   -0.416844   -0.386196  0.00915988
          21   -0.415646   -0.387598  0.00882493
          22   -0.400713   -0.388194  0.00843533
          23   -0.436494   -0.390294  0.00832931
          24    -0.46519   -0.393415  0.00856356
          25   -0.464759   -0.396269   0.0086955
          26     -0.4421   -0.398031  0.00853832
          27   -0.454215   -0.400112  0.00847541
          28   -0.453631   -0.402024   0.0083878
          29     -0.4322   -0.403064  0.00816002
          30   -0.404803   -0.403122  0.00788354
          31    -0.37066   -0.402075  0.00769656
          32   -0.375726   -0.401252  0.00749752
          33   -0.404585   -0.401353  0.00726747
          34   -0.402521   -0.401387  0.00705057
          35   -0.378209   -0.400725  0.00687811
          36   -0.390052   -0.400428  0.00669089
          37   -0.357339   -0.399264  0.00661093
          38   -0.329121   -0.397418  0.00669412
          39   -0.318745   -0.395401  0.00682515
          40    -0.32166   -0.393557  0.00690305
          41   -0.366848   -0.392906  0.00676402
          42   -0.353178    -0.39196  0.00666843
          43   -0.372958   -0.391518  0.00652649
          44   -0.370097   -0.391031  0.00639499
          45   -0.414625   -0.391555  0.00627321
          46   -0.408668   -0.391927  0.00614659
          47   -0.418688   -0.392497  0.00604128
          48   -0.430052   -0.393279  0.00596561
          49   -0.364594   -0.392694  0.00587185
          50   -0.416779   -0.393175  0.00577335
