           1     1.34136     1.34136           0
           2     1.29994     1.32065   0.0207118
           3     1.27265     1.30465   0.0199757
           4     1.27303     1.29674   0.0161866
           5     1.25182     1.28776   0.0154254
           6     1.26684     1.28427   0.0130684
           7     1.26879     1.28206    0.011264
           8      1.2045     1.27236   0.0137534
           9     1.22331     1.26691   0.0132977
          10     1.26349     1.26657   0.0118988
          11     1.26984     1.26687    0.010767
          12      1.2773     1.26774  0.00986718
          13     1.26747     1.26772   0.0090765
          14      1.2713     1.26797  0.00840711
          15     1.27043     1.26814  0.00782831
          16     1.27747     1.26872  0.00734592
          17     1.27491     1.26908  0.00690988
          18     1.29723     1.27065  0.00669968
          19     1.27102     1.27067   0.0063373
          20     1.29206     1.27174  0.00610653
          21     1.29129     1.27267  0.00588263
          22     1.28138     1.27306  0.00562282
          23     1.30522     1.27446  0.00555171
          24     1.32439     1.27654   0.0057079
          25     1.32413     1.27845  0.00579624
          26     1.30907     1.27962  0.00569204
          27     1.31718     1.28101    0.005651
          28     1.31676     1.28229   0.0055931
          29     1.30245     1.28299   0.0054414
          30     1.28417     1.28303  0.00525704
          31     1.26139     1.28233  0.00513229
          32     1.26481     1.28178  0.00499937
          33     1.28409     1.28185  0.00484601
          34     1.28272     1.28188  0.00470139
          35     1.26646     1.28144  0.00458628
          36     1.27435     1.28124  0.00446141
          37     1.25256     1.28046  0.00440785
          38     1.23368     1.27923   0.0044634
          39     1.22671     1.27789  0.00455123
          40     1.22866     1.27666  0.00460351
          41     1.25883     1.27622  0.00451082
          42     1.24975     1.27559  0.00444699
          43     1.26297      1.2753  0.00435224
          44     1.26107     1.27497  0.00426446
          45     1.29072     1.27532  0.00418328
          46     1.28672     1.27557  0.00409883
          47     1.29338     1.27595  0.00402853
          48      1.3009     1.27647  0.00397782
          49     1.25724     1.27608  0.00391552
          50     1.29206      1.2764   0.0038497
