           1     1.52147     1.52147           0
           2      1.5214     1.52144 3.82241e-05
           3     1.52132      1.5214 4.37467e-05
           4     1.52135     1.52139 3.28427e-05
           5      1.5214     1.52139 2.55452e-05
           6      1.5215     1.52141 2.76578e-05
           7      1.5215     1.52142 2.68462e-05
           8     1.52142     1.52142 2.32533e-05
           9     1.52139     1.52142 2.07799e-05
          10     1.52142     1.52142 1.85908e-05
          11     1.52144     1.52142 1.69801e-05
          12     1.52143     1.52142 1.55146e-05
          13     1.52138     1.52142 1.46047e-05
          14     1.52148     1.52142 1.41283e-05
          15     1.52147     1.52143 1.34673e-05
          16     1.52143     1.52143 1.26101e-05
          17     1.52145     1.52143 1.19113e-05
          18     1.52138     1.52143 1.14917e-05
          19     1.52129     1.52142 1.31135e-05
          20     1.52125     1.52141 1.49646e-05
          21     1.52129      1.5214  1.5349e-05
          22     1.52135      1.5214 1.48294e-05
          23     1.52134      1.5214 1.44561e-05
          24     1.52139      1.5214 1.38476e-05
          25     1.52143      1.5214 1.33417e-05
          26      1.5215      1.5214 1.34013e-05
          27     1.52155     1.52141 1.39788e-05
          28     1.52151     1.52141 1.39653e-05
          29     1.52148     1.52141 1.36869e-05
          30     1.52145     1.52142 1.32644e-05
          31     1.52143     1.52142 1.28368e-05
          32     1.52149     1.52142 1.26608e-05
          33     1.52156     1.52142 1.29657e-05
          34     1.52157     1.52143 1.32615e-05
          35     1.52149     1.52143 1.29934e-05
          36     1.52147     1.52143 1.26864e-05
          37      1.5215     1.52143 1.24723e-05
          38     1.52141     1.52143 1.21594e-05
          39     1.52133     1.52143 1.21373e-05
          40     1.52133     1.52143 1.20587e-05
          41      1.5214     1.52143 1.17761e-05
          42     1.52145     1.52143 1.15075e-05
          43      1.5215     1.52143 1.13852e-05
          44      1.5215     1.52143 1.12485e-05
          45     1.52146     1.52143 1.10124e-05
          46     1.52142     1.52143 1.07727e-05
          47     1.52138     1.52143 1.05919e-05
          48      1.5213     1.52143 1.06972e-05
          49     1.52126     1.52142 1.09959e-05
          50     1.52131     1.52142 1.10234e-05
