           1    -3.40252    -3.40252           0
           2    -3.40707     -3.4048  0.00227745
           3    -3.40796    -3.40585  0.00168462
           4    -3.40457    -3.40553  0.00123315
           5    -3.40463    -3.40535  0.00097218
           6    -3.40684     -3.4056 0.000831727
           7    -3.40775    -3.40591 0.000766952
           8    -3.40484    -3.40577 0.000677494
           9    -3.40437    -3.40562 0.000617457
          10    -3.40467    -3.40552  0.00056032
          11    -3.40554    -3.40552  0.00050683
          12    -3.40732    -3.40567 0.000486371
          13    -3.40571    -3.40568 0.000447403
          14    -3.40471    -3.40561  0.00041988
          15    -3.40758    -3.40574 0.000412427
          16    -3.40652    -3.40579 0.000388846
          17    -3.40687    -3.40585  0.00037073
          18    -3.40742    -3.40594 0.000360257
          19    -3.40815    -3.40605 0.000360151
          20    -3.40591    -3.40605 0.000341751
          21    -3.40687    -3.40609 0.000327409
          22    -3.40587    -3.40608 0.000312333
          23    -3.40868    -3.40619 0.000319137
          24     -3.4058    -3.40617 0.000305985
          25    -3.40707    -3.40621 0.000295662
          26    -3.40629    -3.40621 0.000284078
          27    -3.40637    -3.40622 0.000273421
          28    -3.40566     -3.4062 0.000264214
          29     -3.4068    -3.40622 0.000255792
          30    -3.40789    -3.40627 0.000253324
          31    -3.40444    -3.40622 0.000252033
          32    -3.40513    -3.40618 0.000246391
          33    -3.40694     -3.4062 0.000239904
          34    -3.40705    -3.40623 0.000234053
          35    -3.40639    -3.40623 0.000227317
          36    -3.40641    -3.40624 0.000220968
          37    -3.40784    -3.40628 0.000219215
          38    -3.40525    -3.40625 0.000215103
          39    -3.40532    -3.40623 0.000210893
          40    -3.40776    -3.40627 0.000209091
          41    -3.40559    -3.40625 0.000204607
          42    -3.40755    -3.40628  0.00020206
          43    -3.40348    -3.40622 0.000207818
          44    -3.40666    -3.40623 0.000203287
          45    -3.40592    -3.40622 0.000198832
          46    -3.40494    -3.40619  0.00019646
          47    -3.40393    -3.40614 0.000198188
          48    -3.40715    -3.40617 0.000195135
          49    -3.40922    -3.40623 0.000201039
          50    -3.40765    -3.40626 0.000199024
