           1     1.06261     1.06261           0
           2     1.09592     1.07926   0.0166535
           3     1.10727      1.0886   0.0134013
           4     1.10995     1.09394   0.0108766
           5     1.07637     1.09043    0.009128
           6     1.09772     1.09164  0.00755138
           7     1.09264     1.09178  0.00638368
           8     1.07504     1.08969  0.00591146
           9     1.04103     1.08428  0.00751063
          10     1.08933     1.08479  0.00673668
          11     1.09885     1.08607  0.00622614
          12     1.09365      1.0867  0.00571871
          13     1.06774     1.08524  0.00545881
          14     1.05524      1.0831  0.00548952
          15     1.08626     1.08331  0.00511482
          16      1.0518     1.08134  0.00517393
          17     1.09447     1.08211  0.00492108
          18     1.09891     1.08304  0.00473261
          19     1.09697     1.08378  0.00453617
          20      1.0803      1.0836  0.00430691
          21     1.11094     1.08491  0.00429856
          22      1.0928     1.08526  0.00411419
          23     1.10798     1.08625   0.0040534
          24     1.09753     1.08672  0.00390918
          25     1.11555     1.08787   0.0039229
          26     1.08424     1.08773   0.0037716
          27     1.09475     1.08799   0.0036385
          28     1.08956     1.08805  0.00350659
          29     1.06785     1.08735  0.00345445
          30     1.09328     1.08755  0.00334315
          31     1.07577     1.08717  0.00325577
          32      1.0804     1.08696  0.00315948
          33     1.09347     1.08716   0.0030686
          34      1.0762     1.08683  0.00299439
          35     1.09334     1.08702  0.00291351
          36     1.08821     1.08705  0.00283161
          37     1.08342     1.08696  0.00275577
          38     1.07985     1.08677  0.00268878
          39     1.06298     1.08616    0.002689
          40     1.09682     1.08643  0.00263443
          41     1.08113      1.0863  0.00257262
          42     1.08555     1.08628  0.00251068
          43     1.06161      1.0857  0.00251785
          44     1.08463     1.08568  0.00246008
          45     1.09287     1.08584  0.00241009
          46     1.07905     1.08569  0.00236173
          47     1.06176     1.08518  0.00236635
          48     1.08833     1.08525  0.00231745
          49     1.12436     1.08605  0.00240596
          50      1.0666     1.08566  0.00238921
