           1    -4.99644    -4.99644           0
           2    -5.05095    -5.02369   0.0272577
           3    -5.06886    -5.03875   0.0217796
           4    -5.06951    -5.04644   0.0172133
           5    -5.01919    -5.04099   0.0144043
           6    -5.05341    -5.04306    0.011942
           7    -5.04671    -5.04358   0.0101063
           8    -5.01739    -5.04031  0.00934445
           9    -4.96592    -5.03204   0.0116718
          10    -5.03867     -5.0327   0.0104607
          11    -5.05381    -5.03462  0.00965452
          12     -5.0478    -5.03572  0.00888149
          13    -5.00732    -5.03354  0.00845685
          14    -4.98757    -5.03025  0.00849015
          15    -5.03697     -5.0307  0.00791659
          16    -4.98421     -5.0278  0.00795484
          17    -5.04857    -5.02902  0.00757158
          18    -5.05579     -5.0305  0.00729189
          19     -5.0536    -5.03172  0.00700374
          20    -5.02635    -5.03145  0.00664976
          21    -5.07328    -5.03344  0.00663138
          22    -5.04506    -5.03397   0.0063448
          23    -5.07064    -5.03557  0.00626882
          24    -5.05209    -5.03625   0.0060413
          25     -5.0804    -5.03802  0.00605765
          26    -5.03264    -5.03781  0.00582368
          27    -5.04849    -5.03821  0.00561778
          28    -5.04001    -5.03827  0.00541381
          29    -5.00858    -5.03725  0.00532318
          30    -5.04781     -5.0376  0.00515471
          31     -5.0181    -5.03697  0.00502519
          32    -5.02572    -5.03662   0.0048783
          33    -5.04715    -5.03694  0.00473891
          34    -5.02134    -5.03648  0.00462026
          35     -5.0464    -5.03676  0.00449526
          36    -5.03873    -5.03682  0.00436895
          37    -5.03297    -5.03672   0.0042505
          38    -5.02502    -5.03641  0.00414856
          39    -4.99979    -5.03547  0.00414842
          40      -5.053    -5.03591  0.00406706
          41    -5.02728     -5.0357  0.00397219
          42    -5.03587     -5.0357  0.00387646
          43    -4.99589    -5.03477  0.00389684
          44     -5.0336    -5.03475  0.00380734
          45    -5.04522    -5.03498  0.00372905
          46    -5.02351    -5.03473   0.0036556
          47    -4.99657    -5.03392  0.00366796
          48    -5.03964    -5.03404  0.00359271
          49    -5.09577     -5.0353  0.00373736
          50    -5.00756    -5.03474  0.00370365
